0 info it worked if it ends with ok
1 verbose cli [ 'C:\\laragon\\bin\\nodejs\\node.exe',
1 verbose cli   'C:\\laragon\\bin\\nodejs\\node_modules\\npm\\bin\\npm-cli.js',
1 verbose cli   'run',
1 verbose cli   'prod' ]
2 info using npm@3.10.3
3 info using node@v6.6.0
4 verbose run-script [ 'preprod', 'prod', 'postprod' ]
5 info lifecycle @~preprod: @
6 silly lifecycle @~preprod: no script for preprod, continuing
7 info lifecycle @~prod: @
8 verbose lifecycle @~prod: unsafe-perm in lifecycle true
9 verbose lifecycle @~prod: PATH: C:\laragon\bin\nodejs\node_modules\npm\bin\node-gyp-bin;C:\laragon\www\EventOrganizer\node_modules\.bin;C:\laragon\bin\nodejs;C:\Users\aurelie.debrot\AppData\Roaming\npm;C:\laragon\bin\cmder\vendor\telnet;C:\laragon\bin\cmder\vendor\putty;C:\Users\aurelie.debrot\AppData\Roaming\Composer\vendor\bin;C:\laragon\bin\mysql\mariadb-10.1.9\bin;C:\laragon\bin\php\php-7.0.10-Win32-VC14-x86;C:\laragon\bin\composer;C:\laragon\bin\apache\httpd-2.4.23-win32-VC14\bin;C:\laragon\bin\redis\redis-2.8.17;C:\laragon\bin\memcached\memcached-1.4.5;C:\laragon\bin\nodejs;C:\laragon\bin\nginx\nginx-1.10.1;C:\laragon\bin\notepad++;C:\laragon\bin\telnet;C:\laragon\bin\sublime;C:\laragon\bin\ngrok;C:\laragon\bin\sendmail;C:\laragon\bin\winscp;C:\laragon\bin\git\bin;C:\laragon\bin\git\cmd;C:\laragon\bin\git\usr\bin;C:\laragon\bin\git\mingw32\bin;C:\laragon\bin;C:\laragon\usr\bin;C:\laragon\bin\putty;C:\laragon\bin\cmder\bin;C:\Program Files\Git\bin;C:\Program Files\Git\usr\bin;C:\Program Files\Git\usr\share\vim\vim74;C:\laragon\bin\cmder\vendor\conemu-maximus5\ConEmu\Scripts;C:\laragon\bin\cmder\vendor\conemu-maximus5;C:\laragon\bin\cmder\vendor\conemu-maximus5\ConEmu;C:\ProgramData\Oracle\Java\javapath;C:\Program Files (x86)\EasyPHP-DevServer-14.1VC11\binaries\php\php_runningversion;C:\Qt\Qt5.5.0\5.5\mingw492_32\bin;C:\Program Files (x86)\Intel\iCLS Client\;C:\Program Files\Intel\iCLS Client\;C:\Program Files (x86)\NVIDIA Corporation\PhysX\Common;C:\WINDOWS\system32;C:\WINDOWS;C:\WINDOWS\System32\Wbem;C:\WINDOWS\System32\WindowsPowerShell\v1.0\;C:\Program Files (x86)\Windows Live\Shared;C:\Program Files\Intel\Intel(R) Management Engine Components\DAL;C:\Program Files\Intel\Intel(R) Management Engine Components\IPT;C:\Program Files (x86)\Intel\Intel(R) Management Engine Components\DAL;C:\Program Files (x86)\Intel\Intel(R) Management Engine Components\IPT;C:\Program Files\Hewlett-Packard\SimplePass\;C:\Program Files\TortoiseSVN\bin;C:\Program Files\MATLAB\R2012b\runtime\win64;C:\Program Files\MATLAB\R2012b\bin;C:\Program Files (x86)\Windows Kits\8.1\Windows Performance Toolkit\;C:\Program Files\Microsoft SQL Server\110\Tools\Binn\;C:\Program Files (x86)\CodeBlocks\MinGW\bin;C:\Strawberry\c\bin;C:\Strawberry\perl\site\bin;C:\Strawberry\perl\bin;C:\Program Files (x86)\Java\jdk1.8.0_11\bin;C:\Program Files\TortoiseGit\bin;C:\Program Files\Microsoft SQL Server\120\Tools\Binn\;C:\WINDOWS\system32\config\systemprofile\.dnx\bin;C:\Program Files\Microsoft DNX\Dnvm\;C:\Program Files\Microsoft SQL Server\130\Tools\Binn\;C:\Program Files\Git\cmd;C:\Users\aurelie.debrot\AppData\Local\Continuum\Anaconda3;C:\Users\aurelie.debrot\AppData\Local\Continuum\Anaconda3\Scripts;C:\Users\aurelie.debrot\AppData\Local\Continuum\Anaconda3\Library\bin;C:\Users\aurelie.debrot\AppData\Local\atom\bin;C:\Program Files\Docker Toolbox;C:\laragon\bin\cmder\;
10 verbose lifecycle @~prod: CWD: C:\laragon\www\EventOrganizer
11 silly lifecycle @~prod: Args: [ '/d /s /c', 'gulp --production' ]
12 silly lifecycle @~prod: Returned: code: 1  signal: null
13 info lifecycle @~prod: Failed to exec prod script
14 verbose stack Error: @ prod: `gulp --production`
14 verbose stack Exit status 1
14 verbose stack     at EventEmitter.<anonymous> (C:\laragon\bin\nodejs\node_modules\npm\lib\utils\lifecycle.js:242:16)
14 verbose stack     at emitTwo (events.js:106:13)
14 verbose stack     at EventEmitter.emit (events.js:191:7)
14 verbose stack     at ChildProcess.<anonymous> (C:\laragon\bin\nodejs\node_modules\npm\lib\utils\spawn.js:40:14)
14 verbose stack     at emitTwo (events.js:106:13)
14 verbose stack     at ChildProcess.emit (events.js:191:7)
14 verbose stack     at maybeClose (internal/child_process.js:877:16)
14 verbose stack     at Process.ChildProcess._handle.onexit (internal/child_process.js:226:5)
15 verbose pkgid @
16 verbose cwd C:\laragon\www\EventOrganizer
17 error Windows_NT 6.3.9600
18 error argv "C:\\laragon\\bin\\nodejs\\node.exe" "C:\\laragon\\bin\\nodejs\\node_modules\\npm\\bin\\npm-cli.js" "run" "prod"
19 error node v6.6.0
20 error npm  v3.10.3
21 error code ELIFECYCLE
22 error @ prod: `gulp --production`
22 error Exit status 1
23 error Failed at the @ prod script 'gulp --production'.
23 error Make sure you have the latest version of node.js and npm installed.
23 error If you do, this is most likely a problem with the  package,
23 error not with npm itself.
23 error Tell the author that this fails on your system:
23 error     gulp --production
23 error You can get information on how to open an issue for this project with:
23 error     npm bugs
23 error Or if that isn't available, you can get their info via:
23 error     npm owner ls
23 error There is likely additional logging output above.
24 verbose exit [ 1, true ]
